# JRE version: OpenJDK Runtime Environment (21.0+35) (build 21+35-2513)
# Java VM: OpenJDK 64-Bit Server VM (21+35-2513, mixed mode, sharing, tiered, compressed oops, compressed class ptrs, g1 gc, windows-amd64)
GC Precious Log:
 CardTable entry size: 512
 Card Set container configuration: InlinePtr #cards 5 size 8 Array Of Cards #cards 12 size 40 Howl #buckets 4 coarsen threshold 1843 Howl Bitmap #cards 512 size 80 coarsen threshold 460 Card regions per heap region 1 cards per card region 2048
 CPUs: 16 total, 16 available
 Memory: 15724M
 Large Page Support: Disabled
 NUMA Support: Disabled
 Compressed Oops: Enabled (32-bit)
 Heap Region Size: 1M
 Heap Min Capacity: 8M
 Heap Initial Capacity: 246M
 Heap Max Capacity: 1536M
 Pre-touch: Disabled
 Parallel Workers: 13
 Concurrent Workers: 3
 Concurrent Refinement Workers: 13
 Periodic GC: Disabled
Heap:
 garbage-first heap   total 102400K, used 62039K [0x00000000a0000000, 0x0000000100000000)
  region size 1024K, 17 young (17408K), 6 survivors (6144K)
 Metaspace       used 79925K, committed 80576K, reserved 1179648K
  class space    used 10956K, committed 11264K, reserved 1048576K
GC Heap History (20 events):
Event: 0.819 GC heap before
{Heap before GC invocations=4 (full 0):
 garbage-first heap   total 40960K, used 38724K [0x00000000a0000000, 0x0000000100000000)
  region size 1024K, 32 young (32768K), 2 survivors (2048K)
 Metaspace       used 28832K, committed 29184K, reserved 1114112K
  class space    used 3527K, committed 3648K, reserved 1048576K
}
Event: 0.821 GC heap after
{Heap after GC invocations=5 (full 0):
 garbage-first heap   total 44032K, used 10683K [0x00000000a0000000, 0x0000000100000000)
  region size 1024K, 3 young (3072K), 3 survivors (3072K)
 Metaspace       used 28832K, committed 29184K, reserved 1114112K
  class space    used 3527K, committed 3648K, reserved 1048576K
}
Event: 1.011 GC heap before
{Heap before GC invocations=5 (full 0):
 garbage-first heap   total 44032K, used 33211K [0x00000000a0000000, 0x0000000100000000)
  region size 1024K, 25 young (25600K), 3 survivors (3072K)
 Metaspace       used 34273K, committed 34624K, reserved 1114112K
  class space    used 4317K, committed 4480K, reserved 1048576K
}
Event: 1.012 GC heap after
{Heap after GC invocations=6 (full 0):
 garbage-first heap   total 44032K, used 12407K [0x00000000a0000000, 0x0000000100000000)
  region size 1024K, 4 young (4096K), 4 survivors (4096K)
 Metaspace       used 34273K, committed 34624K, reserved 1114112K
  class space    used 4317K, committed 4480K, reserved 1048576K
}
Event: 1.046 GC heap before
{Heap before GC invocations=6 (full 0):
 garbage-first heap   total 44032K, used 17527K [0x00000000a0000000, 0x0000000100000000)
  region size 1024K, 10 young (10240K), 4 survivors (4096K)
 Metaspace       used 35726K, committed 36096K, reserved 1114112K
  class space    used 4546K, committed 4736K, reserved 1048576K
}
Event: 1.048 GC heap after
{Heap after GC invocations=7 (full 0):
 garbage-first heap   total 44032K, used 13772K [0x00000000a0000000, 0x0000000100000000)
  region size 1024K, 3 young (3072K), 3 survivors (3072K)
 Metaspace       used 35726K, committed 36096K, reserved 1114112K
  class space    used 4546K, committed 4736K, reserved 1048576K
}
Event: 1.227 GC heap before
{Heap before GC invocations=8 (full 0):
 garbage-first heap   total 44032K, used 35276K [0x00000000a0000000, 0x0000000100000000)
  region size 1024K, 25 young (25600K), 3 survivors (3072K)
 Metaspace       used 41688K, committed 42048K, reserved 1114112K
  class space    used 5395K, committed 5568K, reserved 1048576K
}
Event: 1.229 GC heap after
{Heap after GC invocations=9 (full 0):
 garbage-first heap   total 44032K, used 14535K [0x00000000a0000000, 0x0000000100000000)
  region size 1024K, 4 young (4096K), 4 survivors (4096K)
 Metaspace       used 41688K, committed 42048K, reserved 1114112K
  class space    used 5395K, committed 5568K, reserved 1048576K
}
Event: 1.486 GC heap before
{Heap before GC invocations=9 (full 0):
 garbage-first heap   total 44032K, used 36039K [0x00000000a0000000, 0x0000000100000000)
  region size 1024K, 25 young (25600K), 4 survivors (4096K)
 Metaspace       used 46096K, committed 46528K, reserved 1114112K
  class space    used 6020K, committed 6208K, reserved 1048576K
}
Event: 1.489 GC heap after
{Heap after GC invocations=10 (full 0):
 garbage-first heap   total 148480K, used 17036K [0x00000000a0000000, 0x0000000100000000)
  region size 1024K, 4 young (4096K), 4 survivors (4096K)
 Metaspace       used 46096K, committed 46528K, reserved 1114112K
  class space    used 6020K, committed 6208K, reserved 1048576K
}
Event: 2.096 GC heap before
{Heap before GC invocations=10 (full 0):
 garbage-first heap   total 148480K, used 96908K [0x00000000a0000000, 0x0000000100000000)
  region size 1024K, 84 young (86016K), 4 survivors (4096K)
 Metaspace       used 59928K, committed 60480K, reserved 1114112K
  class space    used 8128K, committed 8384K, reserved 1048576K
}
Event: 2.100 GC heap after
{Heap after GC invocations=11 (full 0):
 garbage-first heap   total 148480K, used 24712K [0x00000000a0000000, 0x0000000100000000)
  region size 1024K, 11 young (11264K), 11 survivors (11264K)
 Metaspace       used 59928K, committed 60480K, reserved 1114112K
  class space    used 8128K, committed 8384K, reserved 1048576K
}
Event: 2.518 GC heap before
{Heap before GC invocations=12 (full 0):
 garbage-first heap   total 96256K, used 69768K [0x00000000a0000000, 0x0000000100000000)
  region size 1024K, 56 young (57344K), 11 survivors (11264K)
 Metaspace       used 65238K, committed 65792K, reserved 1114112K
  class space    used 9047K, committed 9280K, reserved 1048576K
}
Event: 2.522 GC heap after
{Heap after GC invocations=13 (full 0):
 garbage-first heap   total 96256K, used 27544K [0x00000000a0000000, 0x0000000100000000)
  region size 1024K, 4 young (4096K), 4 survivors (4096K)
 Metaspace       used 65238K, committed 65792K, reserved 1114112K
  class space    used 9047K, committed 9280K, reserved 1048576K
}
Event: 2.749 GC heap before
{Heap before GC invocations=13 (full 0):
 garbage-first heap   total 96256K, used 93080K [0x00000000a0000000, 0x0000000100000000)
  region size 1024K, 29 young (29696K), 4 survivors (4096K)
 Metaspace       used 67933K, committed 68544K, reserved 1114112K
  class space    used 9414K, committed 9664K, reserved 1048576K
}
Event: 2.750 GC heap after
{Heap after GC invocations=14 (full 0):
 garbage-first heap   total 99328K, used 27412K [0x00000000a0000000, 0x0000000100000000)
  region size 1024K, 3 young (3072K), 3 survivors (3072K)
 Metaspace       used 67933K, committed 68544K, reserved 1114112K
  class space    used 9414K, committed 9664K, reserved 1048576K
}
Event: 3.296 GC heap before
{Heap before GC invocations=14 (full 0):
 garbage-first heap   total 99328K, used 81684K [0x00000000a0000000, 0x0000000100000000)
  region size 1024K, 57 young (58368K), 3 survivors (3072K)
 Metaspace       used 75083K, committed 75712K, reserved 1179648K
  class space    used 10349K, committed 10624K, reserved 1048576K
}
Event: 3.303 GC heap after
{Heap after GC invocations=15 (full 0):
 garbage-first heap   total 102400K, used 43123K [0x00000000a0000000, 0x0000000100000000)
  region size 1024K, 8 young (8192K), 8 survivors (8192K)
 Metaspace       used 75083K, committed 75712K, reserved 1179648K
  class space    used 10349K, committed 10624K, reserved 1048576K
}
Event: 3.922 GC heap before
{Heap before GC invocations=15 (full 0):
 garbage-first heap   total 102400K, used 79987K [0x00000000a0000000, 0x0000000100000000)
  region size 1024K, 44 young (45056K), 8 survivors (8192K)
 Metaspace       used 78873K, committed 79488K, reserved 1179648K
  class space    used 10789K, committed 11072K, reserved 1048576K
}
Event: 3.928 GC heap after
{Heap after GC invocations=16 (full 0):
 garbage-first heap   total 102400K, used 51799K [0x00000000a0000000, 0x0000000100000000)
  region size 1024K, 6 young (6144K), 6 survivors (6144K)
 Metaspace       used 78873K, committed 79488K, reserved 1179648K
  class space    used 10789K, committed 11072K, reserved 1048576K
}

